[2025-03-02 19:06:00] 正在处理: paper_5b6a5ca2-cc55-4728-8324-2a1dd04e31d6.caj
[2025-03-02 19:06:01] 转换成功: paper_5b6a5ca2-cc55-4728-8324-2a1dd04e31d6.pdf
[2025-03-02 19:06:49] 正在处理: paper_079e8f65-472d-4b85-90b4-da0ace63f96b.caj
[2025-03-02 19:06:52] 转换成功: paper_079e8f65-472d-4b85-90b4-da0ace63f96b.pdf
[2025-03-02 19:06:52] 已经被转换直接跳过: paper_5b6a5ca2-cc55-4728-8324-2a1dd04e31d6.caj
[2025-03-02 19:07:41] 已经被转换直接跳过: paper_079e8f65-472d-4b85-90b4-da0ace63f96b.caj
[2025-03-02 19:07:41] 正在处理: paper_2eb19498-e0a5-46b3-b371-4844b0315d17.caj
[2025-03-02 19:07:42] 转换成功: paper_2eb19498-e0a5-46b3-b371-4844b0315d17.pdf
[2025-03-02 19:07:42] 已经被转换直接跳过: paper_5b6a5ca2-cc55-4728-8324-2a1dd04e31d6.caj
[2025-03-02 19:12:38] 已经被转换直接跳过: paper_079e8f65-472d-4b85-90b4-da0ace63f96b.caj
[2025-03-02 19:12:38] 已经被转换直接跳过: paper_2eb19498-e0a5-46b3-b371-4844b0315d17.caj
[2025-03-02 19:12:38] 已经被转换直接跳过: paper_5b6a5ca2-cc55-4728-8324-2a1dd04e31d6.caj
[2025-03-02 19:12:38] 正在处理: paper_8078c00d-d158-4f6f-b1f0-ababda0f62ac.caj
[2025-03-02 19:12:39] 转换成功: paper_8078c00d-d158-4f6f-b1f0-ababda0f62ac.pdf
[2025-03-02 19:16:30] 已经被转换直接跳过: paper_079e8f65-472d-4b85-90b4-da0ace63f96b.caj
[2025-03-02 19:16:30] 正在处理: paper_16d2d641-4cb0-4ebc-a02b-7d56593023c2.caj
[2025-03-02 19:16:31] 转换成功: paper_16d2d641-4cb0-4ebc-a02b-7d56593023c2.pdf
[2025-03-02 19:16:31] 已经被转换直接跳过: paper_2eb19498-e0a5-46b3-b371-4844b0315d17.caj
[2025-03-02 19:16:31] 已经被转换直接跳过: paper_5b6a5ca2-cc55-4728-8324-2a1dd04e31d6.caj
[2025-03-02 19:16:31] 已经被转换直接跳过: paper_8078c00d-d158-4f6f-b1f0-ababda0f62ac.caj
[2025-03-02 19:20:02] 已经被转换直接跳过: paper_079e8f65-472d-4b85-90b4-da0ace63f96b.caj
[2025-03-02 19:20:02] 已经被转换直接跳过: paper_16d2d641-4cb0-4ebc-a02b-7d56593023c2.caj
[2025-03-02 19:20:02] 已经被转换直接跳过: paper_2eb19498-e0a5-46b3-b371-4844b0315d17.caj
[2025-03-02 19:20:02] 已经被转换直接跳过: paper_5b6a5ca2-cc55-4728-8324-2a1dd04e31d6.caj
[2025-03-02 19:20:02] 正在处理: paper_6367026f-9939-4eaa-9b36-edfc06081ddb.caj
[2025-03-02 19:20:03] 转换成功: paper_6367026f-9939-4eaa-9b36-edfc06081ddb.pdf
[2025-03-02 19:20:03] 已经被转换直接跳过: paper_8078c00d-d158-4f6f-b1f0-ababda0f62ac.caj
[2025-03-03 21:33:57] 已经被转换直接跳过: paper_079e8f65-472d-4b85-90b4-da0ace63f96b.caj
[2025-03-03 21:33:57] 已经被转换直接跳过: paper_16d2d641-4cb0-4ebc-a02b-7d56593023c2.caj
[2025-03-03 21:33:57] 已经被转换直接跳过: paper_2eb19498-e0a5-46b3-b371-4844b0315d17.caj
[2025-03-03 21:33:57] 已经被转换直接跳过: paper_5b6a5ca2-cc55-4728-8324-2a1dd04e31d6.caj
[2025-03-03 21:33:57] 已经被转换直接跳过: paper_6367026f-9939-4eaa-9b36-edfc06081ddb.caj
[2025-03-03 21:33:57] 已经被转换直接跳过: paper_8078c00d-d158-4f6f-b1f0-ababda0f62ac.caj
[2025-03-03 21:33:57] 正在处理: paper_961e3e29-b8f8-4448-b569-2ff1a72badde.caj
[2025-03-03 21:33:58] 转换成功: paper_961e3e29-b8f8-4448-b569-2ff1a72badde.pdf
[2025-03-04 15:15:05] 正在处理: paper_8e1a8e36-6dd4-4d33-8d1d-aabe45a278fc.caj
[2025-03-04 15:15:06] 转换成功: paper_8e1a8e36-6dd4-4d33-8d1d-aabe45a278fc.pdf
[2025-03-04 15:17:44] 已经被转换直接跳过: paper_8e1a8e36-6dd4-4d33-8d1d-aabe45a278fc.caj
[2025-03-04 15:17:44] 正在处理: paper_a93cfcb8-8446-42b1-9029-929f22cf9afc.caj
[2025-03-04 15:17:44] 转换成功: paper_a93cfcb8-8446-42b1-9029-929f22cf9afc.pdf
[2025-03-04 15:19:54] 已经被转换直接跳过: paper_8e1a8e36-6dd4-4d33-8d1d-aabe45a278fc.caj
[2025-03-04 15:19:54] 正在处理: paper_a820c48f-4911-4aa1-9e6e-a256ac46db2a.caj
[2025-03-04 15:19:55] 转换成功: paper_a820c48f-4911-4aa1-9e6e-a256ac46db2a.pdf
[2025-03-04 15:19:55] 已经被转换直接跳过: paper_a93cfcb8-8446-42b1-9029-929f22cf9afc.caj
[2025-03-04 15:23:22] 已经被转换直接跳过: paper_8e1a8e36-6dd4-4d33-8d1d-aabe45a278fc.caj
[2025-03-04 15:23:22] 已经被转换直接跳过: paper_a820c48f-4911-4aa1-9e6e-a256ac46db2a.caj
[2025-03-04 15:23:22] 已经被转换直接跳过: paper_a93cfcb8-8446-42b1-9029-929f22cf9afc.caj
[2025-03-04 15:23:22] 正在处理: paper_f1d9673c-dce6-499d-9140-90dd6d263d5a.caj
[2025-03-04 15:23:35] 转换成功: paper_f1d9673c-dce6-499d-9140-90dd6d263d5a.pdf
[2025-03-04 15:35:17] 正在处理: paper_8d5a3c74-74c5-48c0-b068-12e55cdd35d6.caj
[2025-03-04 15:35:20] 转换成功: paper_8d5a3c74-74c5-48c0-b068-12e55cdd35d6.pdf
[2025-03-04 15:35:20] 已经被转换直接跳过: paper_8e1a8e36-6dd4-4d33-8d1d-aabe45a278fc.caj
[2025-03-04 15:35:20] 已经被转换直接跳过: paper_a820c48f-4911-4aa1-9e6e-a256ac46db2a.caj
[2025-03-04 15:35:20] 已经被转换直接跳过: paper_a93cfcb8-8446-42b1-9029-929f22cf9afc.caj
[2025-03-04 15:35:20] 已经被转换直接跳过: paper_f1d9673c-dce6-499d-9140-90dd6d263d5a.caj
[2025-03-04 20:41:16] 正在处理: paper_53005549-181d-4e0e-a913-1f6087e2a1e5.caj
[2025-03-04 20:41:16] 转换成功: paper_53005549-181d-4e0e-a913-1f6087e2a1e5.pdf
[2025-03-04 20:41:16] 已经被转换直接跳过: paper_8d5a3c74-74c5-48c0-b068-12e55cdd35d6.caj
[2025-03-04 20:41:16] 已经被转换直接跳过: paper_8e1a8e36-6dd4-4d33-8d1d-aabe45a278fc.caj
[2025-03-04 20:41:16] 已经被转换直接跳过: paper_a820c48f-4911-4aa1-9e6e-a256ac46db2a.caj
[2025-03-04 20:41:16] 已经被转换直接跳过: paper_a93cfcb8-8446-42b1-9029-929f22cf9afc.caj
[2025-03-04 20:41:16] 已经被转换直接跳过: paper_f1d9673c-dce6-499d-9140-90dd6d263d5a.caj
[2025-03-04 20:44:44] 已经被转换直接跳过: paper_8d5a3c74-74c5-48c0-b068-12e55cdd35d6.caj
[2025-03-04 20:44:44] 已经被转换直接跳过: paper_8e1a8e36-6dd4-4d33-8d1d-aabe45a278fc.caj
[2025-03-04 20:44:44] 正在处理: paper_a01fa849-ac12-4857-bee3-dd0536f0c1e1.caj
[2025-03-04 20:44:44] 转换成功: paper_a01fa849-ac12-4857-bee3-dd0536f0c1e1.pdf
[2025-03-04 20:44:44] 已经被转换直接跳过: paper_a820c48f-4911-4aa1-9e6e-a256ac46db2a.caj
[2025-03-04 20:44:44] 已经被转换直接跳过: paper_a93cfcb8-8446-42b1-9029-929f22cf9afc.caj
[2025-03-04 20:44:44] 已经被转换直接跳过: paper_f1d9673c-dce6-499d-9140-90dd6d263d5a.caj
[2025-03-04 20:53:46] 正在处理: paper_71b37f61-c525-42cc-8604-1e5a1eb33c8d.caj
[2025-03-04 20:53:47] 转换成功: paper_71b37f61-c525-42cc-8604-1e5a1eb33c8d.pdf
[2025-03-04 20:53:47] 已经被转换直接跳过: paper_8e1a8e36-6dd4-4d33-8d1d-aabe45a278fc.caj
[2025-03-04 20:53:47] 已经被转换直接跳过: paper_a01fa849-ac12-4857-bee3-dd0536f0c1e1.caj
[2025-03-04 20:53:47] 已经被转换直接跳过: paper_a820c48f-4911-4aa1-9e6e-a256ac46db2a.caj
[2025-03-04 20:53:47] 已经被转换直接跳过: paper_a93cfcb8-8446-42b1-9029-929f22cf9afc.caj
[2025-03-04 20:53:47] 已经被转换直接跳过: paper_f1d9673c-dce6-499d-9140-90dd6d263d5a.caj
[2025-03-04 21:02:50] 正在处理: paper_2ec8aac9-cc97-4e3e-af53-2c5c04ee5d51.caj
[2025-03-04 21:02:51] 转换成功: paper_2ec8aac9-cc97-4e3e-af53-2c5c04ee5d51.pdf
[2025-03-04 21:02:51] 已经被转换直接跳过: paper_71b37f61-c525-42cc-8604-1e5a1eb33c8d.caj
[2025-03-04 21:02:51] 已经被转换直接跳过: paper_8e1a8e36-6dd4-4d33-8d1d-aabe45a278fc.caj
[2025-03-04 21:02:51] 已经被转换直接跳过: paper_a01fa849-ac12-4857-bee3-dd0536f0c1e1.caj
[2025-03-04 21:02:51] 已经被转换直接跳过: paper_a820c48f-4911-4aa1-9e6e-a256ac46db2a.caj
[2025-03-04 21:02:51] 已经被转换直接跳过: paper_a93cfcb8-8446-42b1-9029-929f22cf9afc.caj
[2025-03-04 21:02:51] 已经被转换直接跳过: paper_f1d9673c-dce6-499d-9140-90dd6d263d5a.caj
[2025-03-04 21:06:48] 已经被转换直接跳过: paper_2ec8aac9-cc97-4e3e-af53-2c5c04ee5d51.caj
[2025-03-04 21:06:48] 已经被转换直接跳过: paper_71b37f61-c525-42cc-8604-1e5a1eb33c8d.caj
[2025-03-04 21:06:48] 已经被转换直接跳过: paper_8e1a8e36-6dd4-4d33-8d1d-aabe45a278fc.caj
[2025-03-04 21:06:48] 已经被转换直接跳过: paper_a01fa849-ac12-4857-bee3-dd0536f0c1e1.caj
[2025-03-04 21:06:48] 已经被转换直接跳过: paper_a820c48f-4911-4aa1-9e6e-a256ac46db2a.caj
[2025-03-04 21:06:48] 已经被转换直接跳过: paper_a93cfcb8-8446-42b1-9029-929f22cf9afc.caj
[2025-03-04 21:06:48] 正在处理: paper_c220d74f-7dfb-4894-915b-dc1cea2f09a9.caj
[2025-03-04 21:06:49] 转换成功: paper_c220d74f-7dfb-4894-915b-dc1cea2f09a9.pdf
[2025-03-04 21:06:49] 已经被转换直接跳过: paper_f1d9673c-dce6-499d-9140-90dd6d263d5a.caj
[2025-03-04 22:31:59] 已经被转换直接跳过: paper_2ec8aac9-cc97-4e3e-af53-2c5c04ee5d51.caj
[2025-03-04 22:31:59] 已经被转换直接跳过: paper_71b37f61-c525-42cc-8604-1e5a1eb33c8d.caj
[2025-03-04 22:31:59] 已经被转换直接跳过: paper_8e1a8e36-6dd4-4d33-8d1d-aabe45a278fc.caj
[2025-03-04 22:31:59] 已经被转换直接跳过: paper_a01fa849-ac12-4857-bee3-dd0536f0c1e1.caj
[2025-03-04 22:31:59] 已经被转换直接跳过: paper_a820c48f-4911-4aa1-9e6e-a256ac46db2a.caj
[2025-03-04 22:31:59] 已经被转换直接跳过: paper_a93cfcb8-8446-42b1-9029-929f22cf9afc.caj
[2025-03-04 22:31:59] 正在处理: paper_bc9f64fb-541d-4c48-a045-75881c2d4c60.caj
[2025-03-04 22:31:59] 转换成功: paper_bc9f64fb-541d-4c48-a045-75881c2d4c60.pdf
[2025-03-04 22:31:59] 已经被转换直接跳过: paper_c220d74f-7dfb-4894-915b-dc1cea2f09a9.caj
[2025-03-04 22:31:59] 已经被转换直接跳过: paper_f1d9673c-dce6-499d-9140-90dd6d263d5a.caj
[2025-03-04 22:35:13] 已经被转换直接跳过: paper_2ec8aac9-cc97-4e3e-af53-2c5c04ee5d51.caj
[2025-03-04 22:35:13] 已经被转换直接跳过: paper_71b37f61-c525-42cc-8604-1e5a1eb33c8d.caj
[2025-03-04 22:35:13] 已经被转换直接跳过: paper_8e1a8e36-6dd4-4d33-8d1d-aabe45a278fc.caj
[2025-03-04 22:35:13] 已经被转换直接跳过: paper_a01fa849-ac12-4857-bee3-dd0536f0c1e1.caj
[2025-03-04 22:35:13] 已经被转换直接跳过: paper_a820c48f-4911-4aa1-9e6e-a256ac46db2a.caj
[2025-03-04 22:35:13] 已经被转换直接跳过: paper_a93cfcb8-8446-42b1-9029-929f22cf9afc.caj
[2025-03-04 22:35:13] 已经被转换直接跳过: paper_c220d74f-7dfb-4894-915b-dc1cea2f09a9.caj
[2025-03-04 22:35:13] 正在处理: paper_d6798b2c-069e-46db-b321-95b66cb4076b.caj
[2025-03-04 22:35:13] 转换成功: paper_d6798b2c-069e-46db-b321-95b66cb4076b.pdf
[2025-03-04 22:35:13] 已经被转换直接跳过: paper_f1d9673c-dce6-499d-9140-90dd6d263d5a.caj
[2025-03-04 22:43:18] 已经被转换直接跳过: paper_2ec8aac9-cc97-4e3e-af53-2c5c04ee5d51.caj
[2025-03-04 22:43:18] 正在处理: paper_331ce502-ccc1-4813-b260-62b9a0644e57.caj
[2025-03-04 22:43:19] 转换成功: paper_331ce502-ccc1-4813-b260-62b9a0644e57.pdf
[2025-03-04 22:43:19] 已经被转换直接跳过: paper_71b37f61-c525-42cc-8604-1e5a1eb33c8d.caj
[2025-03-04 22:43:19] 已经被转换直接跳过: paper_8e1a8e36-6dd4-4d33-8d1d-aabe45a278fc.caj
[2025-03-04 22:43:19] 已经被转换直接跳过: paper_a01fa849-ac12-4857-bee3-dd0536f0c1e1.caj
[2025-03-04 22:43:19] 已经被转换直接跳过: paper_a820c48f-4911-4aa1-9e6e-a256ac46db2a.caj
[2025-03-04 22:43:19] 已经被转换直接跳过: paper_a93cfcb8-8446-42b1-9029-929f22cf9afc.caj
[2025-03-04 22:43:19] 已经被转换直接跳过: paper_c220d74f-7dfb-4894-915b-dc1cea2f09a9.caj
[2025-03-04 22:43:19] 已经被转换直接跳过: paper_d6798b2c-069e-46db-b321-95b66cb4076b.caj
[2025-03-04 22:43:19] 已经被转换直接跳过: paper_f1d9673c-dce6-499d-9140-90dd6d263d5a.caj
[2025-03-06 22:42:18] 已经被转换直接跳过: paper_2ec8aac9-cc97-4e3e-af53-2c5c04ee5d51.caj
[2025-03-06 22:42:18] 已经被转换直接跳过: paper_331ce502-ccc1-4813-b260-62b9a0644e57.caj
[2025-03-06 22:42:18] 已经被转换直接跳过: paper_71b37f61-c525-42cc-8604-1e5a1eb33c8d.caj
[2025-03-06 22:42:18] 已经被转换直接跳过: paper_8e1a8e36-6dd4-4d33-8d1d-aabe45a278fc.caj
[2025-03-06 22:42:18] 已经被转换直接跳过: paper_a01fa849-ac12-4857-bee3-dd0536f0c1e1.caj
[2025-03-06 22:42:18] 已经被转换直接跳过: paper_a820c48f-4911-4aa1-9e6e-a256ac46db2a.caj
[2025-03-06 22:42:18] 已经被转换直接跳过: paper_a93cfcb8-8446-42b1-9029-929f22cf9afc.caj
[2025-03-06 22:42:18] 已经被转换直接跳过: paper_c220d74f-7dfb-4894-915b-dc1cea2f09a9.caj
[2025-03-06 22:42:18] 正在处理: paper_c436c781-390d-4fa6-8d1c-e1f66599133b.caj
[2025-03-06 22:42:19] Traceback (most recent call last):
[2025-03-06 22:42:19]   File "caj2pdf.py", line 53, in <module>
[2025-03-06 22:42:19]   File "cajparser.py", line 116, in convert
[2025-03-06 22:42:19]   File "cajparser.py", line 299, in _convert_caj
[2025-03-06 22:42:19]   File "cajparser.py", line 97, in get_toc
[2025-03-06 22:42:19] ValueError: invalid literal for int() with base 10: b''
[2025-03-06 22:42:19] [2868] Failed to execute script 'caj2pdf' due to unhandled exception!
[2025-03-06 22:42:19] 转换失败: paper_c436c781-390d-4fa6-8d1c-e1f66599133b.caj (Exit code: 1)
[2025-03-06 22:42:19] 已经被转换直接跳过: paper_d6798b2c-069e-46db-b321-95b66cb4076b.caj
[2025-03-06 22:42:19] 已经被转换直接跳过: paper_f1d9673c-dce6-499d-9140-90dd6d263d5a.caj
[2025-03-06 22:45:41] 已经被转换直接跳过: paper_2ec8aac9-cc97-4e3e-af53-2c5c04ee5d51.caj
[2025-03-06 22:45:41] 已经被转换直接跳过: paper_331ce502-ccc1-4813-b260-62b9a0644e57.caj
[2025-03-06 22:45:41] 已经被转换直接跳过: paper_71b37f61-c525-42cc-8604-1e5a1eb33c8d.caj
[2025-03-06 22:45:41] 已经被转换直接跳过: paper_8e1a8e36-6dd4-4d33-8d1d-aabe45a278fc.caj
[2025-03-06 22:45:41] 已经被转换直接跳过: paper_a01fa849-ac12-4857-bee3-dd0536f0c1e1.caj
[2025-03-06 22:45:41] 已经被转换直接跳过: paper_a820c48f-4911-4aa1-9e6e-a256ac46db2a.caj
[2025-03-06 22:45:41] 已经被转换直接跳过: paper_a93cfcb8-8446-42b1-9029-929f22cf9afc.caj
[2025-03-06 22:45:41] 正在处理: paper_acf3da71-d7f8-4434-929d-7da2cf049ee1.caj
[2025-03-06 22:45:42] 转换成功: paper_acf3da71-d7f8-4434-929d-7da2cf049ee1.pdf
[2025-03-06 22:45:42] 已经被转换直接跳过: paper_c220d74f-7dfb-4894-915b-dc1cea2f09a9.caj
[2025-03-06 22:45:42] 已经被转换直接跳过: paper_d6798b2c-069e-46db-b321-95b66cb4076b.caj
[2025-03-06 22:45:42] 已经被转换直接跳过: paper_f1d9673c-dce6-499d-9140-90dd6d263d5a.caj
[2025-03-06 22:48:08] 已经被转换直接跳过: paper_2ec8aac9-cc97-4e3e-af53-2c5c04ee5d51.caj
[2025-03-06 22:48:08] 已经被转换直接跳过: paper_331ce502-ccc1-4813-b260-62b9a0644e57.caj
[2025-03-06 22:48:08] 已经被转换直接跳过: paper_71b37f61-c525-42cc-8604-1e5a1eb33c8d.caj
[2025-03-06 22:48:08] 已经被转换直接跳过: paper_8e1a8e36-6dd4-4d33-8d1d-aabe45a278fc.caj
[2025-03-06 22:48:08] 已经被转换直接跳过: paper_a01fa849-ac12-4857-bee3-dd0536f0c1e1.caj
[2025-03-06 22:48:08] 已经被转换直接跳过: paper_a820c48f-4911-4aa1-9e6e-a256ac46db2a.caj
[2025-03-06 22:48:08] 已经被转换直接跳过: paper_a93cfcb8-8446-42b1-9029-929f22cf9afc.caj
[2025-03-06 22:48:08] 已经被转换直接跳过: paper_acf3da71-d7f8-4434-929d-7da2cf049ee1.caj
[2025-03-06 22:48:08] 已经被转换直接跳过: paper_c220d74f-7dfb-4894-915b-dc1cea2f09a9.caj
[2025-03-06 22:48:08] 已经被转换直接跳过: paper_d6798b2c-069e-46db-b321-95b66cb4076b.caj
[2025-03-06 22:48:08] 正在处理: paper_e14b9725-a18a-4022-acec-43afe4f09516.caj
[2025-03-06 22:48:09] 转换成功: paper_e14b9725-a18a-4022-acec-43afe4f09516.pdf
[2025-03-06 22:48:09] 已经被转换直接跳过: paper_f1d9673c-dce6-499d-9140-90dd6d263d5a.caj
[2025-03-06 22:52:30] 已经被转换直接跳过: paper_2ec8aac9-cc97-4e3e-af53-2c5c04ee5d51.caj
[2025-03-06 22:52:30] 已经被转换直接跳过: paper_331ce502-ccc1-4813-b260-62b9a0644e57.caj
[2025-03-06 22:52:30] 已经被转换直接跳过: paper_71b37f61-c525-42cc-8604-1e5a1eb33c8d.caj
[2025-03-06 22:52:30] 正在处理: paper_87b66e51-2aa8-451e-9b5f-fc6f39949422.caj
[2025-03-06 22:52:31] 转换成功: paper_87b66e51-2aa8-451e-9b5f-fc6f39949422.pdf
[2025-03-06 22:52:31] 已经被转换直接跳过: paper_8e1a8e36-6dd4-4d33-8d1d-aabe45a278fc.caj
[2025-03-06 22:52:31] 已经被转换直接跳过: paper_a01fa849-ac12-4857-bee3-dd0536f0c1e1.caj
[2025-03-06 22:52:31] 已经被转换直接跳过: paper_a820c48f-4911-4aa1-9e6e-a256ac46db2a.caj
[2025-03-06 22:52:31] 已经被转换直接跳过: paper_a93cfcb8-8446-42b1-9029-929f22cf9afc.caj
[2025-03-06 22:52:31] 已经被转换直接跳过: paper_acf3da71-d7f8-4434-929d-7da2cf049ee1.caj
[2025-03-06 22:52:31] 已经被转换直接跳过: paper_c220d74f-7dfb-4894-915b-dc1cea2f09a9.caj
[2025-03-06 22:52:31] 已经被转换直接跳过: paper_d6798b2c-069e-46db-b321-95b66cb4076b.caj
[2025-03-06 22:52:31] 已经被转换直接跳过: paper_e14b9725-a18a-4022-acec-43afe4f09516.caj
[2025-03-06 22:52:31] 已经被转换直接跳过: paper_f1d9673c-dce6-499d-9140-90dd6d263d5a.caj
[2025-03-06 22:55:24] 正在处理: paper_067fcad6-e332-4542-a82a-fa0eb1358e8e.caj
[2025-03-06 22:55:26] 转换成功: paper_067fcad6-e332-4542-a82a-fa0eb1358e8e.pdf
[2025-03-06 22:55:26] 已经被转换直接跳过: paper_2ec8aac9-cc97-4e3e-af53-2c5c04ee5d51.caj
[2025-03-06 22:55:26] 已经被转换直接跳过: paper_331ce502-ccc1-4813-b260-62b9a0644e57.caj
[2025-03-06 22:55:26] 已经被转换直接跳过: paper_71b37f61-c525-42cc-8604-1e5a1eb33c8d.caj
[2025-03-06 22:55:26] 已经被转换直接跳过: paper_87b66e51-2aa8-451e-9b5f-fc6f39949422.caj
[2025-03-06 22:55:26] 已经被转换直接跳过: paper_8e1a8e36-6dd4-4d33-8d1d-aabe45a278fc.caj
[2025-03-06 22:55:26] 已经被转换直接跳过: paper_a01fa849-ac12-4857-bee3-dd0536f0c1e1.caj
[2025-03-06 22:55:26] 已经被转换直接跳过: paper_a820c48f-4911-4aa1-9e6e-a256ac46db2a.caj
[2025-03-06 22:55:26] 已经被转换直接跳过: paper_a93cfcb8-8446-42b1-9029-929f22cf9afc.caj
[2025-03-06 22:55:26] 已经被转换直接跳过: paper_acf3da71-d7f8-4434-929d-7da2cf049ee1.caj
[2025-03-06 22:55:26] 已经被转换直接跳过: paper_c220d74f-7dfb-4894-915b-dc1cea2f09a9.caj
[2025-03-06 22:55:26] 已经被转换直接跳过: paper_d6798b2c-069e-46db-b321-95b66cb4076b.caj
[2025-03-06 22:55:26] 已经被转换直接跳过: paper_e14b9725-a18a-4022-acec-43afe4f09516.caj
[2025-03-06 22:55:26] 已经被转换直接跳过: paper_f1d9673c-dce6-499d-9140-90dd6d263d5a.caj
[2025-03-07 10:00:49] 已经被转换直接跳过: paper_067fcad6-e332-4542-a82a-fa0eb1358e8e.caj
[2025-03-07 10:00:49] 已经被转换直接跳过: paper_2ec8aac9-cc97-4e3e-af53-2c5c04ee5d51.caj
[2025-03-07 10:00:49] 已经被转换直接跳过: paper_331ce502-ccc1-4813-b260-62b9a0644e57.caj
[2025-03-07 10:00:49] 正在处理: paper_3f7915c8-e73e-46fa-be09-3833761a4d98.caj
[2025-03-07 10:00:50] 转换成功: paper_3f7915c8-e73e-46fa-be09-3833761a4d98.pdf
[2025-03-07 10:00:50] 已经被转换直接跳过: paper_71b37f61-c525-42cc-8604-1e5a1eb33c8d.caj
[2025-03-07 10:00:50] 已经被转换直接跳过: paper_87b66e51-2aa8-451e-9b5f-fc6f39949422.caj
[2025-03-07 10:00:50] 已经被转换直接跳过: paper_8e1a8e36-6dd4-4d33-8d1d-aabe45a278fc.caj
[2025-03-07 10:00:50] 已经被转换直接跳过: paper_a01fa849-ac12-4857-bee3-dd0536f0c1e1.caj
[2025-03-07 10:00:50] 已经被转换直接跳过: paper_a820c48f-4911-4aa1-9e6e-a256ac46db2a.caj
[2025-03-07 10:00:50] 已经被转换直接跳过: paper_a93cfcb8-8446-42b1-9029-929f22cf9afc.caj
[2025-03-07 10:00:50] 已经被转换直接跳过: paper_acf3da71-d7f8-4434-929d-7da2cf049ee1.caj
[2025-03-07 10:00:50] 已经被转换直接跳过: paper_c220d74f-7dfb-4894-915b-dc1cea2f09a9.caj
[2025-03-07 10:00:50] 已经被转换直接跳过: paper_d6798b2c-069e-46db-b321-95b66cb4076b.caj
[2025-03-07 10:00:50] 已经被转换直接跳过: paper_e14b9725-a18a-4022-acec-43afe4f09516.caj
[2025-03-07 10:00:50] 已经被转换直接跳过: paper_f1d9673c-dce6-499d-9140-90dd6d263d5a.caj
[2025-03-07 20:18:07] 已经被转换直接跳过: paper_067fcad6-e332-4542-a82a-fa0eb1358e8e.caj
[2025-03-07 20:18:07] 已经被转换直接跳过: paper_2ec8aac9-cc97-4e3e-af53-2c5c04ee5d51.caj
[2025-03-07 20:18:07] 已经被转换直接跳过: paper_331ce502-ccc1-4813-b260-62b9a0644e57.caj
[2025-03-07 20:18:07] 已经被转换直接跳过: paper_3f7915c8-e73e-46fa-be09-3833761a4d98.caj
[2025-03-07 20:18:07] 已经被转换直接跳过: paper_71b37f61-c525-42cc-8604-1e5a1eb33c8d.caj
[2025-03-07 20:18:07] 已经被转换直接跳过: paper_87b66e51-2aa8-451e-9b5f-fc6f39949422.caj
[2025-03-07 20:18:07] 已经被转换直接跳过: paper_8e1a8e36-6dd4-4d33-8d1d-aabe45a278fc.caj
[2025-03-07 20:18:07] 正在处理: paper_8e928eed-d5a7-4736-80b1-1e29d9c45e9c.caj
[2025-03-07 20:18:08] 转换成功: paper_8e928eed-d5a7-4736-80b1-1e29d9c45e9c.pdf
[2025-03-07 20:18:08] 已经被转换直接跳过: paper_a01fa849-ac12-4857-bee3-dd0536f0c1e1.caj
[2025-03-07 20:18:08] 已经被转换直接跳过: paper_a820c48f-4911-4aa1-9e6e-a256ac46db2a.caj
[2025-03-07 20:18:08] 已经被转换直接跳过: paper_a93cfcb8-8446-42b1-9029-929f22cf9afc.caj
[2025-03-07 20:18:08] 已经被转换直接跳过: paper_acf3da71-d7f8-4434-929d-7da2cf049ee1.caj
[2025-03-07 20:18:08] 已经被转换直接跳过: paper_c220d74f-7dfb-4894-915b-dc1cea2f09a9.caj
[2025-03-07 20:18:08] 已经被转换直接跳过: paper_d6798b2c-069e-46db-b321-95b66cb4076b.caj
[2025-03-07 20:18:08] 已经被转换直接跳过: paper_e14b9725-a18a-4022-acec-43afe4f09516.caj
[2025-03-07 20:18:08] 已经被转换直接跳过: paper_f1d9673c-dce6-499d-9140-90dd6d263d5a.caj
[2025-03-07 20:43:22] 已经被转换直接跳过: paper_067fcad6-e332-4542-a82a-fa0eb1358e8e.caj
[2025-03-07 20:43:22] 已经被转换直接跳过: paper_2ec8aac9-cc97-4e3e-af53-2c5c04ee5d51.caj
[2025-03-07 20:43:22] 已经被转换直接跳过: paper_331ce502-ccc1-4813-b260-62b9a0644e57.caj
[2025-03-07 20:43:22] 已经被转换直接跳过: paper_3f7915c8-e73e-46fa-be09-3833761a4d98.caj
[2025-03-07 20:43:22] 已经被转换直接跳过: paper_71b37f61-c525-42cc-8604-1e5a1eb33c8d.caj
[2025-03-07 20:43:22] 已经被转换直接跳过: paper_87b66e51-2aa8-451e-9b5f-fc6f39949422.caj
[2025-03-07 20:43:22] 已经被转换直接跳过: paper_8e1a8e36-6dd4-4d33-8d1d-aabe45a278fc.caj
[2025-03-07 20:43:22] 已经被转换直接跳过: paper_8e928eed-d5a7-4736-80b1-1e29d9c45e9c.caj
[2025-03-07 20:43:22] 已经被转换直接跳过: paper_a01fa849-ac12-4857-bee3-dd0536f0c1e1.caj
[2025-03-07 20:43:22] 正在处理: paper_a647e96c-a781-40e9-ae05-47d7ba49efc6.caj
[2025-03-07 20:43:22] 转换成功: paper_a647e96c-a781-40e9-ae05-47d7ba49efc6.pdf
[2025-03-07 20:43:22] 已经被转换直接跳过: paper_a820c48f-4911-4aa1-9e6e-a256ac46db2a.caj
[2025-03-07 20:43:22] 已经被转换直接跳过: paper_a93cfcb8-8446-42b1-9029-929f22cf9afc.caj
[2025-03-07 20:43:22] 已经被转换直接跳过: paper_acf3da71-d7f8-4434-929d-7da2cf049ee1.caj
[2025-03-07 20:43:22] 已经被转换直接跳过: paper_c220d74f-7dfb-4894-915b-dc1cea2f09a9.caj
[2025-03-07 20:43:22] 已经被转换直接跳过: paper_d6798b2c-069e-46db-b321-95b66cb4076b.caj
[2025-03-07 20:43:22] 已经被转换直接跳过: paper_e14b9725-a18a-4022-acec-43afe4f09516.caj
[2025-03-07 20:43:22] 已经被转换直接跳过: paper_f1d9673c-dce6-499d-9140-90dd6d263d5a.caj
[2025-03-09 14:29:39] 已经被转换直接跳过: paper_067fcad6-e332-4542-a82a-fa0eb1358e8e.caj
[2025-03-09 14:29:39] 已经被转换直接跳过: paper_2ec8aac9-cc97-4e3e-af53-2c5c04ee5d51.caj
[2025-03-09 14:29:39] 已经被转换直接跳过: paper_331ce502-ccc1-4813-b260-62b9a0644e57.caj
[2025-03-09 14:29:39] 已经被转换直接跳过: paper_3f7915c8-e73e-46fa-be09-3833761a4d98.caj
[2025-03-09 14:29:39] 已经被转换直接跳过: paper_71b37f61-c525-42cc-8604-1e5a1eb33c8d.caj
[2025-03-09 14:29:39] 已经被转换直接跳过: paper_87b66e51-2aa8-451e-9b5f-fc6f39949422.caj
[2025-03-09 14:29:39] 已经被转换直接跳过: paper_8e1a8e36-6dd4-4d33-8d1d-aabe45a278fc.caj
[2025-03-09 14:29:39] 已经被转换直接跳过: paper_8e928eed-d5a7-4736-80b1-1e29d9c45e9c.caj
[2025-03-09 14:29:39] 已经被转换直接跳过: paper_a647e96c-a781-40e9-ae05-47d7ba49efc6.caj
[2025-03-09 14:29:39] 已经被转换直接跳过: paper_a820c48f-4911-4aa1-9e6e-a256ac46db2a.caj
[2025-03-09 14:29:39] 已经被转换直接跳过: paper_a93cfcb8-8446-42b1-9029-929f22cf9afc.caj
[2025-03-09 14:29:39] 已经被转换直接跳过: paper_acf3da71-d7f8-4434-929d-7da2cf049ee1.caj
[2025-03-09 14:29:39] 正在处理: paper_b5278191-b03c-4353-a7e2-895cf93b5d50.caj
[2025-03-09 14:29:40] 转换成功: paper_b5278191-b03c-4353-a7e2-895cf93b5d50.pdf
[2025-03-09 14:29:40] 已经被转换直接跳过: paper_c220d74f-7dfb-4894-915b-dc1cea2f09a9.caj
[2025-03-09 14:29:40] 已经被转换直接跳过: paper_d6798b2c-069e-46db-b321-95b66cb4076b.caj
[2025-03-09 14:29:40] 已经被转换直接跳过: paper_e14b9725-a18a-4022-acec-43afe4f09516.caj
[2025-03-09 14:29:40] 已经被转换直接跳过: paper_f1d9673c-dce6-499d-9140-90dd6d263d5a.caj
[2025-03-09 14:37:03] 已经被转换直接跳过: paper_067fcad6-e332-4542-a82a-fa0eb1358e8e.caj
[2025-03-09 14:37:03] 已经被转换直接跳过: paper_2ec8aac9-cc97-4e3e-af53-2c5c04ee5d51.caj
[2025-03-09 14:37:03] 已经被转换直接跳过: paper_331ce502-ccc1-4813-b260-62b9a0644e57.caj
[2025-03-09 14:37:03] 已经被转换直接跳过: paper_3f7915c8-e73e-46fa-be09-3833761a4d98.caj
[2025-03-09 14:37:03] 已经被转换直接跳过: paper_71b37f61-c525-42cc-8604-1e5a1eb33c8d.caj
[2025-03-09 14:37:03] 已经被转换直接跳过: paper_87b66e51-2aa8-451e-9b5f-fc6f39949422.caj
[2025-03-09 14:37:03] 已经被转换直接跳过: paper_8e1a8e36-6dd4-4d33-8d1d-aabe45a278fc.caj
[2025-03-09 14:37:03] 已经被转换直接跳过: paper_8e928eed-d5a7-4736-80b1-1e29d9c45e9c.caj
[2025-03-09 14:37:03] 已经被转换直接跳过: paper_a647e96c-a781-40e9-ae05-47d7ba49efc6.caj
[2025-03-09 14:37:03] 已经被转换直接跳过: paper_a820c48f-4911-4aa1-9e6e-a256ac46db2a.caj
[2025-03-09 14:37:03] 已经被转换直接跳过: paper_a93cfcb8-8446-42b1-9029-929f22cf9afc.caj
[2025-03-09 14:37:03] 已经被转换直接跳过: paper_acf3da71-d7f8-4434-929d-7da2cf049ee1.caj
[2025-03-09 14:37:03] 已经被转换直接跳过: paper_b5278191-b03c-4353-a7e2-895cf93b5d50.caj
[2025-03-09 14:37:03] 正在处理: paper_baff10ca-828c-4cfe-9029-9168f21cfb6d.caj
[2025-03-09 14:37:04] 转换成功: paper_baff10ca-828c-4cfe-9029-9168f21cfb6d.pdf
[2025-03-09 14:37:04] 已经被转换直接跳过: paper_c220d74f-7dfb-4894-915b-dc1cea2f09a9.caj
[2025-03-09 14:37:04] 已经被转换直接跳过: paper_d6798b2c-069e-46db-b321-95b66cb4076b.caj
[2025-03-09 14:37:04] 已经被转换直接跳过: paper_e14b9725-a18a-4022-acec-43afe4f09516.caj
[2025-03-09 14:37:04] 已经被转换直接跳过: paper_f1d9673c-dce6-499d-9140-90dd6d263d5a.caj
[2025-03-09 14:41:43] 已经被转换直接跳过: paper_067fcad6-e332-4542-a82a-fa0eb1358e8e.caj
[2025-03-09 14:41:43] 已经被转换直接跳过: paper_2ec8aac9-cc97-4e3e-af53-2c5c04ee5d51.caj
[2025-03-09 14:41:43] 已经被转换直接跳过: paper_331ce502-ccc1-4813-b260-62b9a0644e57.caj
[2025-03-09 14:41:43] 已经被转换直接跳过: paper_3f7915c8-e73e-46fa-be09-3833761a4d98.caj
[2025-03-09 14:41:43] 已经被转换直接跳过: paper_71b37f61-c525-42cc-8604-1e5a1eb33c8d.caj
[2025-03-09 14:41:43] 已经被转换直接跳过: paper_87b66e51-2aa8-451e-9b5f-fc6f39949422.caj
[2025-03-09 14:41:43] 已经被转换直接跳过: paper_8e1a8e36-6dd4-4d33-8d1d-aabe45a278fc.caj
[2025-03-09 14:41:43] 已经被转换直接跳过: paper_8e928eed-d5a7-4736-80b1-1e29d9c45e9c.caj
[2025-03-09 14:41:43] 已经被转换直接跳过: paper_a647e96c-a781-40e9-ae05-47d7ba49efc6.caj
[2025-03-09 14:41:43] 已经被转换直接跳过: paper_a820c48f-4911-4aa1-9e6e-a256ac46db2a.caj
[2025-03-09 14:41:43] 已经被转换直接跳过: paper_a93cfcb8-8446-42b1-9029-929f22cf9afc.caj
[2025-03-09 14:41:43] 已经被转换直接跳过: paper_acf3da71-d7f8-4434-929d-7da2cf049ee1.caj
[2025-03-09 14:41:43] 已经被转换直接跳过: paper_b5278191-b03c-4353-a7e2-895cf93b5d50.caj
[2025-03-09 14:41:43] 已经被转换直接跳过: paper_baff10ca-828c-4cfe-9029-9168f21cfb6d.caj
[2025-03-09 14:41:43] 已经被转换直接跳过: paper_c220d74f-7dfb-4894-915b-dc1cea2f09a9.caj
[2025-03-09 14:41:43] 正在处理: paper_cce40e1a-1cb5-4aef-b8ea-9685a3dae824.caj
[2025-03-09 14:41:44] 转换成功: paper_cce40e1a-1cb5-4aef-b8ea-9685a3dae824.pdf
[2025-03-09 14:41:44] 已经被转换直接跳过: paper_d6798b2c-069e-46db-b321-95b66cb4076b.caj
[2025-03-09 14:41:44] 已经被转换直接跳过: paper_e14b9725-a18a-4022-acec-43afe4f09516.caj
[2025-03-09 14:41:44] 已经被转换直接跳过: paper_f1d9673c-dce6-499d-9140-90dd6d263d5a.caj
[2025-03-09 14:48:25] 已经被转换直接跳过: paper_067fcad6-e332-4542-a82a-fa0eb1358e8e.caj
[2025-03-09 14:48:25] 已经被转换直接跳过: paper_2ec8aac9-cc97-4e3e-af53-2c5c04ee5d51.caj
[2025-03-09 14:48:25] 已经被转换直接跳过: paper_331ce502-ccc1-4813-b260-62b9a0644e57.caj
[2025-03-09 14:48:25] 正在处理: paper_383410ae-48f2-4fe5-a327-8975dcb0d4c7.caj
[2025-03-09 14:48:26] 转换成功: paper_383410ae-48f2-4fe5-a327-8975dcb0d4c7.pdf
[2025-03-09 14:48:26] 已经被转换直接跳过: paper_3f7915c8-e73e-46fa-be09-3833761a4d98.caj
[2025-03-09 14:48:26] 已经被转换直接跳过: paper_71b37f61-c525-42cc-8604-1e5a1eb33c8d.caj
[2025-03-09 14:48:26] 已经被转换直接跳过: paper_87b66e51-2aa8-451e-9b5f-fc6f39949422.caj
[2025-03-09 14:48:26] 已经被转换直接跳过: paper_8e1a8e36-6dd4-4d33-8d1d-aabe45a278fc.caj
[2025-03-09 14:48:26] 已经被转换直接跳过: paper_8e928eed-d5a7-4736-80b1-1e29d9c45e9c.caj
[2025-03-09 14:48:26] 已经被转换直接跳过: paper_a647e96c-a781-40e9-ae05-47d7ba49efc6.caj
[2025-03-09 14:48:26] 已经被转换直接跳过: paper_a820c48f-4911-4aa1-9e6e-a256ac46db2a.caj
[2025-03-09 14:48:26] 已经被转换直接跳过: paper_a93cfcb8-8446-42b1-9029-929f22cf9afc.caj
[2025-03-09 14:48:26] 已经被转换直接跳过: paper_acf3da71-d7f8-4434-929d-7da2cf049ee1.caj
[2025-03-09 14:48:26] 已经被转换直接跳过: paper_b5278191-b03c-4353-a7e2-895cf93b5d50.caj
[2025-03-09 14:48:26] 已经被转换直接跳过: paper_baff10ca-828c-4cfe-9029-9168f21cfb6d.caj
[2025-03-09 14:48:26] 已经被转换直接跳过: paper_c220d74f-7dfb-4894-915b-dc1cea2f09a9.caj
[2025-03-09 14:48:26] 已经被转换直接跳过: paper_cce40e1a-1cb5-4aef-b8ea-9685a3dae824.caj
[2025-03-09 14:48:26] 已经被转换直接跳过: paper_d6798b2c-069e-46db-b321-95b66cb4076b.caj
[2025-03-09 14:48:26] 已经被转换直接跳过: paper_e14b9725-a18a-4022-acec-43afe4f09516.caj
[2025-03-09 14:48:26] 已经被转换直接跳过: paper_f1d9673c-dce6-499d-9140-90dd6d263d5a.caj
[2025-03-09 14:52:22] 已经被转换直接跳过: paper_067fcad6-e332-4542-a82a-fa0eb1358e8e.caj
[2025-03-09 14:52:22] 正在处理: paper_2e849884-0f7e-42ff-a49a-bd02544dd32d.caj
[2025-03-09 14:52:23] 转换成功: paper_2e849884-0f7e-42ff-a49a-bd02544dd32d.pdf
[2025-03-09 14:52:23] 已经被转换直接跳过: paper_2ec8aac9-cc97-4e3e-af53-2c5c04ee5d51.caj
[2025-03-09 14:52:23] 已经被转换直接跳过: paper_331ce502-ccc1-4813-b260-62b9a0644e57.caj
[2025-03-09 14:52:23] 已经被转换直接跳过: paper_383410ae-48f2-4fe5-a327-8975dcb0d4c7.caj
[2025-03-09 14:52:23] 已经被转换直接跳过: paper_3f7915c8-e73e-46fa-be09-3833761a4d98.caj
[2025-03-09 14:52:23] 已经被转换直接跳过: paper_71b37f61-c525-42cc-8604-1e5a1eb33c8d.caj
[2025-03-09 14:52:23] 已经被转换直接跳过: paper_87b66e51-2aa8-451e-9b5f-fc6f39949422.caj
[2025-03-09 14:52:23] 已经被转换直接跳过: paper_8e1a8e36-6dd4-4d33-8d1d-aabe45a278fc.caj
[2025-03-09 14:52:23] 已经被转换直接跳过: paper_8e928eed-d5a7-4736-80b1-1e29d9c45e9c.caj
[2025-03-09 14:52:23] 已经被转换直接跳过: paper_a647e96c-a781-40e9-ae05-47d7ba49efc6.caj
[2025-03-09 14:52:23] 已经被转换直接跳过: paper_a820c48f-4911-4aa1-9e6e-a256ac46db2a.caj
[2025-03-09 14:52:23] 已经被转换直接跳过: paper_a93cfcb8-8446-42b1-9029-929f22cf9afc.caj
[2025-03-09 14:52:23] 已经被转换直接跳过: paper_acf3da71-d7f8-4434-929d-7da2cf049ee1.caj
[2025-03-09 14:52:23] 已经被转换直接跳过: paper_b5278191-b03c-4353-a7e2-895cf93b5d50.caj
[2025-03-09 14:52:23] 已经被转换直接跳过: paper_baff10ca-828c-4cfe-9029-9168f21cfb6d.caj
[2025-03-09 14:52:23] 已经被转换直接跳过: paper_c220d74f-7dfb-4894-915b-dc1cea2f09a9.caj
[2025-03-09 14:52:23] 已经被转换直接跳过: paper_cce40e1a-1cb5-4aef-b8ea-9685a3dae824.caj
[2025-03-09 14:52:23] 已经被转换直接跳过: paper_d6798b2c-069e-46db-b321-95b66cb4076b.caj
[2025-03-09 14:52:23] 已经被转换直接跳过: paper_e14b9725-a18a-4022-acec-43afe4f09516.caj
[2025-03-09 14:52:23] 已经被转换直接跳过: paper_f1d9673c-dce6-499d-9140-90dd6d263d5a.caj
[2025-03-09 14:55:12] 已经被转换直接跳过: paper_067fcad6-e332-4542-a82a-fa0eb1358e8e.caj
[2025-03-09 14:55:12] 已经被转换直接跳过: paper_2e849884-0f7e-42ff-a49a-bd02544dd32d.caj
[2025-03-09 14:55:12] 已经被转换直接跳过: paper_2ec8aac9-cc97-4e3e-af53-2c5c04ee5d51.caj
[2025-03-09 14:55:12] 已经被转换直接跳过: paper_331ce502-ccc1-4813-b260-62b9a0644e57.caj
[2025-03-09 14:55:12] 已经被转换直接跳过: paper_383410ae-48f2-4fe5-a327-8975dcb0d4c7.caj
[2025-03-09 14:55:12] 已经被转换直接跳过: paper_3f7915c8-e73e-46fa-be09-3833761a4d98.caj
[2025-03-09 14:55:12] 已经被转换直接跳过: paper_71b37f61-c525-42cc-8604-1e5a1eb33c8d.caj
[2025-03-09 14:55:12] 已经被转换直接跳过: paper_87b66e51-2aa8-451e-9b5f-fc6f39949422.caj
[2025-03-09 14:55:12] 已经被转换直接跳过: paper_8e1a8e36-6dd4-4d33-8d1d-aabe45a278fc.caj
[2025-03-09 14:55:12] 已经被转换直接跳过: paper_8e928eed-d5a7-4736-80b1-1e29d9c45e9c.caj
[2025-03-09 14:55:12] 已经被转换直接跳过: paper_a647e96c-a781-40e9-ae05-47d7ba49efc6.caj
[2025-03-09 14:55:12] 正在处理: paper_a6e537d0-d673-486b-821d-0cd7e7e41bab.caj
[2025-03-09 14:55:13] 转换成功: paper_a6e537d0-d673-486b-821d-0cd7e7e41bab.pdf
[2025-03-09 14:55:13] 已经被转换直接跳过: paper_a820c48f-4911-4aa1-9e6e-a256ac46db2a.caj
[2025-03-09 14:55:13] 已经被转换直接跳过: paper_a93cfcb8-8446-42b1-9029-929f22cf9afc.caj
[2025-03-09 14:55:13] 已经被转换直接跳过: paper_acf3da71-d7f8-4434-929d-7da2cf049ee1.caj
[2025-03-09 14:55:13] 已经被转换直接跳过: paper_b5278191-b03c-4353-a7e2-895cf93b5d50.caj
[2025-03-09 14:55:13] 已经被转换直接跳过: paper_baff10ca-828c-4cfe-9029-9168f21cfb6d.caj
[2025-03-09 14:55:13] 已经被转换直接跳过: paper_c220d74f-7dfb-4894-915b-dc1cea2f09a9.caj
[2025-03-09 14:55:13] 已经被转换直接跳过: paper_cce40e1a-1cb5-4aef-b8ea-9685a3dae824.caj
[2025-03-09 14:55:13] 已经被转换直接跳过: paper_d6798b2c-069e-46db-b321-95b66cb4076b.caj
[2025-03-09 14:55:13] 已经被转换直接跳过: paper_e14b9725-a18a-4022-acec-43afe4f09516.caj
[2025-03-09 14:55:13] 已经被转换直接跳过: paper_f1d9673c-dce6-499d-9140-90dd6d263d5a.caj
[2025-03-09 14:58:07] 已经被转换直接跳过: paper_067fcad6-e332-4542-a82a-fa0eb1358e8e.caj
[2025-03-09 14:58:07] 已经被转换直接跳过: paper_2e849884-0f7e-42ff-a49a-bd02544dd32d.caj
[2025-03-09 14:58:07] 已经被转换直接跳过: paper_2ec8aac9-cc97-4e3e-af53-2c5c04ee5d51.caj
[2025-03-09 14:58:07] 已经被转换直接跳过: paper_331ce502-ccc1-4813-b260-62b9a0644e57.caj
[2025-03-09 14:58:07] 已经被转换直接跳过: paper_383410ae-48f2-4fe5-a327-8975dcb0d4c7.caj
[2025-03-09 14:58:07] 已经被转换直接跳过: paper_3f7915c8-e73e-46fa-be09-3833761a4d98.caj
[2025-03-09 14:58:07] 已经被转换直接跳过: paper_71b37f61-c525-42cc-8604-1e5a1eb33c8d.caj
[2025-03-09 14:58:07] 已经被转换直接跳过: paper_87b66e51-2aa8-451e-9b5f-fc6f39949422.caj
[2025-03-09 14:58:07] 已经被转换直接跳过: paper_8e1a8e36-6dd4-4d33-8d1d-aabe45a278fc.caj
[2025-03-09 14:58:07] 已经被转换直接跳过: paper_8e928eed-d5a7-4736-80b1-1e29d9c45e9c.caj
[2025-03-09 14:58:07] 已经被转换直接跳过: paper_a647e96c-a781-40e9-ae05-47d7ba49efc6.caj
[2025-03-09 14:58:07] 已经被转换直接跳过: paper_a6e537d0-d673-486b-821d-0cd7e7e41bab.caj
[2025-03-09 14:58:07] 已经被转换直接跳过: paper_a820c48f-4911-4aa1-9e6e-a256ac46db2a.caj
[2025-03-09 14:58:07] 已经被转换直接跳过: paper_a93cfcb8-8446-42b1-9029-929f22cf9afc.caj
[2025-03-09 14:58:07] 已经被转换直接跳过: paper_acf3da71-d7f8-4434-929d-7da2cf049ee1.caj
[2025-03-09 14:58:07] 已经被转换直接跳过: paper_b5278191-b03c-4353-a7e2-895cf93b5d50.caj
[2025-03-09 14:58:07] 已经被转换直接跳过: paper_baff10ca-828c-4cfe-9029-9168f21cfb6d.caj
[2025-03-09 14:58:07] 已经被转换直接跳过: paper_c220d74f-7dfb-4894-915b-dc1cea2f09a9.caj
[2025-03-09 14:58:07] 已经被转换直接跳过: paper_cce40e1a-1cb5-4aef-b8ea-9685a3dae824.caj
[2025-03-09 14:58:07] 已经被转换直接跳过: paper_d6798b2c-069e-46db-b321-95b66cb4076b.caj
[2025-03-09 14:58:07] 已经被转换直接跳过: paper_e14b9725-a18a-4022-acec-43afe4f09516.caj
[2025-03-09 14:58:07] 已经被转换直接跳过: paper_f1d9673c-dce6-499d-9140-90dd6d263d5a.caj
[2025-03-09 14:58:07] 正在处理: paper_f671a0b2-e1ad-4b42-acac-a67933281099.caj
[2025-03-09 14:58:08] 转换成功: paper_f671a0b2-e1ad-4b42-acac-a67933281099.pdf
[2025-03-09 15:04:42] 正在处理: attachment_91d9b23b-9643-40cd-b274-4f2adfa030c2.caj
[2025-03-09 15:04:43] 转换成功: attachment_91d9b23b-9643-40cd-b274-4f2adfa030c2.pdf
[2025-03-09 15:04:43] 已经被转换直接跳过: paper_067fcad6-e332-4542-a82a-fa0eb1358e8e.caj
[2025-03-09 15:04:43] 已经被转换直接跳过: paper_2e849884-0f7e-42ff-a49a-bd02544dd32d.caj
[2025-03-09 15:04:43] 已经被转换直接跳过: paper_2ec8aac9-cc97-4e3e-af53-2c5c04ee5d51.caj
[2025-03-09 15:04:43] 已经被转换直接跳过: paper_331ce502-ccc1-4813-b260-62b9a0644e57.caj
[2025-03-09 15:04:43] 已经被转换直接跳过: paper_383410ae-48f2-4fe5-a327-8975dcb0d4c7.caj
[2025-03-09 15:04:43] 已经被转换直接跳过: paper_3f7915c8-e73e-46fa-be09-3833761a4d98.caj
[2025-03-09 15:04:43] 已经被转换直接跳过: paper_71b37f61-c525-42cc-8604-1e5a1eb33c8d.caj
[2025-03-09 15:04:43] 已经被转换直接跳过: paper_87b66e51-2aa8-451e-9b5f-fc6f39949422.caj
[2025-03-09 15:04:43] 已经被转换直接跳过: paper_8e1a8e36-6dd4-4d33-8d1d-aabe45a278fc.caj
[2025-03-09 15:04:43] 已经被转换直接跳过: paper_8e928eed-d5a7-4736-80b1-1e29d9c45e9c.caj
[2025-03-09 15:04:43] 已经被转换直接跳过: paper_a647e96c-a781-40e9-ae05-47d7ba49efc6.caj
[2025-03-09 15:04:43] 已经被转换直接跳过: paper_a6e537d0-d673-486b-821d-0cd7e7e41bab.caj
[2025-03-09 15:04:43] 已经被转换直接跳过: paper_a820c48f-4911-4aa1-9e6e-a256ac46db2a.caj
[2025-03-09 15:04:43] 已经被转换直接跳过: paper_a93cfcb8-8446-42b1-9029-929f22cf9afc.caj
[2025-03-09 15:04:43] 已经被转换直接跳过: paper_acf3da71-d7f8-4434-929d-7da2cf049ee1.caj
[2025-03-09 15:04:43] 已经被转换直接跳过: paper_b5278191-b03c-4353-a7e2-895cf93b5d50.caj
[2025-03-09 15:04:43] 已经被转换直接跳过: paper_baff10ca-828c-4cfe-9029-9168f21cfb6d.caj
[2025-03-09 15:04:43] 正在处理: paper_c16d2e09-f48a-443a-a1fe-f54dd39fa616.caj
[2025-03-09 15:04:44] 转换成功: paper_c16d2e09-f48a-443a-a1fe-f54dd39fa616.pdf
[2025-03-09 15:04:44] 已经被转换直接跳过: paper_c220d74f-7dfb-4894-915b-dc1cea2f09a9.caj
[2025-03-09 15:04:44] 已经被转换直接跳过: paper_cce40e1a-1cb5-4aef-b8ea-9685a3dae824.caj
[2025-03-09 15:04:44] 已经被转换直接跳过: paper_d6798b2c-069e-46db-b321-95b66cb4076b.caj
[2025-03-09 15:04:44] 已经被转换直接跳过: paper_e14b9725-a18a-4022-acec-43afe4f09516.caj
[2025-03-09 15:04:44] 已经被转换直接跳过: paper_f1d9673c-dce6-499d-9140-90dd6d263d5a.caj
[2025-03-09 15:04:44] 已经被转换直接跳过: paper_f671a0b2-e1ad-4b42-acac-a67933281099.caj
[2025-03-09 15:14:47] 已经被转换直接跳过: attachment_91d9b23b-9643-40cd-b274-4f2adfa030c2.caj
[2025-03-09 15:14:47] 已经被转换直接跳过: paper_067fcad6-e332-4542-a82a-fa0eb1358e8e.caj
[2025-03-09 15:14:47] 已经被转换直接跳过: paper_2e849884-0f7e-42ff-a49a-bd02544dd32d.caj
[2025-03-09 15:14:47] 已经被转换直接跳过: paper_2ec8aac9-cc97-4e3e-af53-2c5c04ee5d51.caj
[2025-03-09 15:14:47] 已经被转换直接跳过: paper_331ce502-ccc1-4813-b260-62b9a0644e57.caj
[2025-03-09 15:14:47] 已经被转换直接跳过: paper_383410ae-48f2-4fe5-a327-8975dcb0d4c7.caj
[2025-03-09 15:14:47] 已经被转换直接跳过: paper_3f7915c8-e73e-46fa-be09-3833761a4d98.caj
[2025-03-09 15:14:47] 已经被转换直接跳过: paper_71b37f61-c525-42cc-8604-1e5a1eb33c8d.caj
[2025-03-09 15:14:47] 已经被转换直接跳过: paper_87b66e51-2aa8-451e-9b5f-fc6f39949422.caj
[2025-03-09 15:14:47] 已经被转换直接跳过: paper_8e1a8e36-6dd4-4d33-8d1d-aabe45a278fc.caj
[2025-03-09 15:14:47] 已经被转换直接跳过: paper_8e928eed-d5a7-4736-80b1-1e29d9c45e9c.caj
[2025-03-09 15:14:47] 已经被转换直接跳过: paper_a647e96c-a781-40e9-ae05-47d7ba49efc6.caj
[2025-03-09 15:14:47] 已经被转换直接跳过: paper_a6e537d0-d673-486b-821d-0cd7e7e41bab.caj
[2025-03-09 15:14:47] 已经被转换直接跳过: paper_a820c48f-4911-4aa1-9e6e-a256ac46db2a.caj
[2025-03-09 15:14:47] 已经被转换直接跳过: paper_a93cfcb8-8446-42b1-9029-929f22cf9afc.caj
[2025-03-09 15:14:47] 已经被转换直接跳过: paper_acf3da71-d7f8-4434-929d-7da2cf049ee1.caj
[2025-03-09 15:14:47] 已经被转换直接跳过: paper_b5278191-b03c-4353-a7e2-895cf93b5d50.caj
[2025-03-09 15:14:47] 正在处理: paper_b75f1835-7196-457c-bf46-3855a07cd118.caj
[2025-03-09 15:14:49] 转换成功: paper_b75f1835-7196-457c-bf46-3855a07cd118.pdf
[2025-03-09 15:14:49] 已经被转换直接跳过: paper_baff10ca-828c-4cfe-9029-9168f21cfb6d.caj
[2025-03-09 15:14:49] 已经被转换直接跳过: paper_c16d2e09-f48a-443a-a1fe-f54dd39fa616.caj
[2025-03-09 15:14:49] 已经被转换直接跳过: paper_c220d74f-7dfb-4894-915b-dc1cea2f09a9.caj
[2025-03-09 15:14:49] 已经被转换直接跳过: paper_cce40e1a-1cb5-4aef-b8ea-9685a3dae824.caj
[2025-03-09 15:14:49] 已经被转换直接跳过: paper_d6798b2c-069e-46db-b321-95b66cb4076b.caj
[2025-03-09 15:14:49] 已经被转换直接跳过: paper_e14b9725-a18a-4022-acec-43afe4f09516.caj
[2025-03-09 15:14:49] 已经被转换直接跳过: paper_f1d9673c-dce6-499d-9140-90dd6d263d5a.caj
[2025-03-09 15:14:49] 已经被转换直接跳过: paper_f671a0b2-e1ad-4b42-acac-a67933281099.caj
[2025-03-09 15:17:51] 已经被转换直接跳过: attachment_91d9b23b-9643-40cd-b274-4f2adfa030c2.caj
[2025-03-09 15:17:51] 正在处理: paper_0542f23f-1c2c-4a69-81f1-e7897530cdd3.caj
[2025-03-09 15:17:52] 转换成功: paper_0542f23f-1c2c-4a69-81f1-e7897530cdd3.pdf
[2025-03-09 15:17:52] 已经被转换直接跳过: paper_067fcad6-e332-4542-a82a-fa0eb1358e8e.caj
[2025-03-09 15:17:52] 已经被转换直接跳过: paper_2e849884-0f7e-42ff-a49a-bd02544dd32d.caj
[2025-03-09 15:17:52] 已经被转换直接跳过: paper_2ec8aac9-cc97-4e3e-af53-2c5c04ee5d51.caj
[2025-03-09 15:17:52] 已经被转换直接跳过: paper_331ce502-ccc1-4813-b260-62b9a0644e57.caj
[2025-03-09 15:17:52] 已经被转换直接跳过: paper_383410ae-48f2-4fe5-a327-8975dcb0d4c7.caj
[2025-03-09 15:17:52] 已经被转换直接跳过: paper_3f7915c8-e73e-46fa-be09-3833761a4d98.caj
[2025-03-09 15:17:52] 已经被转换直接跳过: paper_71b37f61-c525-42cc-8604-1e5a1eb33c8d.caj
[2025-03-09 15:17:52] 已经被转换直接跳过: paper_87b66e51-2aa8-451e-9b5f-fc6f39949422.caj
[2025-03-09 15:17:52] 已经被转换直接跳过: paper_8e1a8e36-6dd4-4d33-8d1d-aabe45a278fc.caj
[2025-03-09 15:17:52] 已经被转换直接跳过: paper_8e928eed-d5a7-4736-80b1-1e29d9c45e9c.caj
[2025-03-09 15:17:52] 已经被转换直接跳过: paper_a647e96c-a781-40e9-ae05-47d7ba49efc6.caj
[2025-03-09 15:17:52] 已经被转换直接跳过: paper_a6e537d0-d673-486b-821d-0cd7e7e41bab.caj
[2025-03-09 15:17:52] 已经被转换直接跳过: paper_a820c48f-4911-4aa1-9e6e-a256ac46db2a.caj
[2025-03-09 15:17:52] 已经被转换直接跳过: paper_a93cfcb8-8446-42b1-9029-929f22cf9afc.caj
[2025-03-09 15:17:52] 已经被转换直接跳过: paper_acf3da71-d7f8-4434-929d-7da2cf049ee1.caj
[2025-03-09 15:17:52] 已经被转换直接跳过: paper_b5278191-b03c-4353-a7e2-895cf93b5d50.caj
[2025-03-09 15:17:52] 已经被转换直接跳过: paper_b75f1835-7196-457c-bf46-3855a07cd118.caj
[2025-03-09 15:17:52] 已经被转换直接跳过: paper_baff10ca-828c-4cfe-9029-9168f21cfb6d.caj
[2025-03-09 15:17:52] 已经被转换直接跳过: paper_c16d2e09-f48a-443a-a1fe-f54dd39fa616.caj
[2025-03-09 15:17:52] 已经被转换直接跳过: paper_c220d74f-7dfb-4894-915b-dc1cea2f09a9.caj
[2025-03-09 15:17:52] 已经被转换直接跳过: paper_cce40e1a-1cb5-4aef-b8ea-9685a3dae824.caj
[2025-03-09 15:17:52] 已经被转换直接跳过: paper_d6798b2c-069e-46db-b321-95b66cb4076b.caj
[2025-03-09 15:17:52] 已经被转换直接跳过: paper_e14b9725-a18a-4022-acec-43afe4f09516.caj
[2025-03-09 15:17:52] 已经被转换直接跳过: paper_f1d9673c-dce6-499d-9140-90dd6d263d5a.caj
[2025-03-09 15:17:52] 已经被转换直接跳过: paper_f671a0b2-e1ad-4b42-acac-a67933281099.caj
[2025-03-09 15:19:08] 已经被转换直接跳过: attachment_91d9b23b-9643-40cd-b274-4f2adfa030c2.caj
[2025-03-09 15:19:08] 已经被转换直接跳过: paper_067fcad6-e332-4542-a82a-fa0eb1358e8e.caj
[2025-03-09 15:19:08] 已经被转换直接跳过: paper_2e849884-0f7e-42ff-a49a-bd02544dd32d.caj
[2025-03-09 15:19:08] 已经被转换直接跳过: paper_2ec8aac9-cc97-4e3e-af53-2c5c04ee5d51.caj
[2025-03-09 15:19:08] 已经被转换直接跳过: paper_331ce502-ccc1-4813-b260-62b9a0644e57.caj
[2025-03-09 15:19:08] 已经被转换直接跳过: paper_383410ae-48f2-4fe5-a327-8975dcb0d4c7.caj
[2025-03-09 15:19:08] 已经被转换直接跳过: paper_3f7915c8-e73e-46fa-be09-3833761a4d98.caj
[2025-03-09 15:19:08] 已经被转换直接跳过: paper_71b37f61-c525-42cc-8604-1e5a1eb33c8d.caj
[2025-03-09 15:19:08] 已经被转换直接跳过: paper_87b66e51-2aa8-451e-9b5f-fc6f39949422.caj
[2025-03-09 15:19:08] 已经被转换直接跳过: paper_8e1a8e36-6dd4-4d33-8d1d-aabe45a278fc.caj
[2025-03-09 15:19:08] 已经被转换直接跳过: paper_8e928eed-d5a7-4736-80b1-1e29d9c45e9c.caj
[2025-03-09 15:19:08] 正在处理: paper_a1b41426-0143-4d35-bdfb-c9b2bb139cba.caj
[2025-03-09 15:19:10] 转换成功: paper_a1b41426-0143-4d35-bdfb-c9b2bb139cba.pdf
[2025-03-09 15:19:10] 已经被转换直接跳过: paper_a647e96c-a781-40e9-ae05-47d7ba49efc6.caj
[2025-03-09 15:19:10] 已经被转换直接跳过: paper_a6e537d0-d673-486b-821d-0cd7e7e41bab.caj
[2025-03-09 15:19:10] 已经被转换直接跳过: paper_a820c48f-4911-4aa1-9e6e-a256ac46db2a.caj
[2025-03-09 15:19:10] 已经被转换直接跳过: paper_a93cfcb8-8446-42b1-9029-929f22cf9afc.caj
[2025-03-09 15:19:10] 已经被转换直接跳过: paper_acf3da71-d7f8-4434-929d-7da2cf049ee1.caj
[2025-03-09 15:19:10] 已经被转换直接跳过: paper_b5278191-b03c-4353-a7e2-895cf93b5d50.caj
[2025-03-09 15:19:10] 已经被转换直接跳过: paper_b75f1835-7196-457c-bf46-3855a07cd118.caj
[2025-03-09 15:19:10] 已经被转换直接跳过: paper_baff10ca-828c-4cfe-9029-9168f21cfb6d.caj
[2025-03-09 15:19:10] 已经被转换直接跳过: paper_c16d2e09-f48a-443a-a1fe-f54dd39fa616.caj
[2025-03-09 15:19:10] 已经被转换直接跳过: paper_c220d74f-7dfb-4894-915b-dc1cea2f09a9.caj
[2025-03-09 15:19:10] 已经被转换直接跳过: paper_cce40e1a-1cb5-4aef-b8ea-9685a3dae824.caj
[2025-03-09 15:19:10] 已经被转换直接跳过: paper_d6798b2c-069e-46db-b321-95b66cb4076b.caj
[2025-03-09 15:19:10] 已经被转换直接跳过: paper_e14b9725-a18a-4022-acec-43afe4f09516.caj
[2025-03-09 15:19:10] 已经被转换直接跳过: paper_f1d9673c-dce6-499d-9140-90dd6d263d5a.caj
[2025-03-09 15:19:10] 已经被转换直接跳过: paper_f671a0b2-e1ad-4b42-acac-a67933281099.caj
[2025-03-09 15:22:14] 已经被转换直接跳过: attachment_91d9b23b-9643-40cd-b274-4f2adfa030c2.caj
[2025-03-09 15:22:14] 已经被转换直接跳过: paper_067fcad6-e332-4542-a82a-fa0eb1358e8e.caj
[2025-03-09 15:22:14] 已经被转换直接跳过: paper_2e849884-0f7e-42ff-a49a-bd02544dd32d.caj
[2025-03-09 15:22:14] 已经被转换直接跳过: paper_2ec8aac9-cc97-4e3e-af53-2c5c04ee5d51.caj
[2025-03-09 15:22:14] 已经被转换直接跳过: paper_331ce502-ccc1-4813-b260-62b9a0644e57.caj
[2025-03-09 15:22:14] 已经被转换直接跳过: paper_383410ae-48f2-4fe5-a327-8975dcb0d4c7.caj
[2025-03-09 15:22:14] 已经被转换直接跳过: paper_3f7915c8-e73e-46fa-be09-3833761a4d98.caj
[2025-03-09 15:22:14] 已经被转换直接跳过: paper_71b37f61-c525-42cc-8604-1e5a1eb33c8d.caj
[2025-03-09 15:22:14] 已经被转换直接跳过: paper_87b66e51-2aa8-451e-9b5f-fc6f39949422.caj
[2025-03-09 15:22:14] 已经被转换直接跳过: paper_8e1a8e36-6dd4-4d33-8d1d-aabe45a278fc.caj
[2025-03-09 15:22:14] 已经被转换直接跳过: paper_8e928eed-d5a7-4736-80b1-1e29d9c45e9c.caj
[2025-03-09 15:22:14] 已经被转换直接跳过: paper_a647e96c-a781-40e9-ae05-47d7ba49efc6.caj
[2025-03-09 15:22:14] 已经被转换直接跳过: paper_a6e537d0-d673-486b-821d-0cd7e7e41bab.caj
[2025-03-09 15:22:14] 已经被转换直接跳过: paper_a820c48f-4911-4aa1-9e6e-a256ac46db2a.caj
[2025-03-09 15:22:14] 已经被转换直接跳过: paper_a93cfcb8-8446-42b1-9029-929f22cf9afc.caj
[2025-03-09 15:22:14] 已经被转换直接跳过: paper_acf3da71-d7f8-4434-929d-7da2cf049ee1.caj
[2025-03-09 15:22:14] 已经被转换直接跳过: paper_b5278191-b03c-4353-a7e2-895cf93b5d50.caj
[2025-03-09 15:22:14] 已经被转换直接跳过: paper_b75f1835-7196-457c-bf46-3855a07cd118.caj
[2025-03-09 15:22:14] 正在处理: paper_b8aa9c0d-9937-4598-a0da-422637a9c626.caj
[2025-03-09 15:22:15] 转换成功: paper_b8aa9c0d-9937-4598-a0da-422637a9c626.pdf
[2025-03-09 15:22:15] 已经被转换直接跳过: paper_baff10ca-828c-4cfe-9029-9168f21cfb6d.caj
[2025-03-09 15:22:15] 已经被转换直接跳过: paper_c16d2e09-f48a-443a-a1fe-f54dd39fa616.caj
[2025-03-09 15:22:15] 已经被转换直接跳过: paper_c220d74f-7dfb-4894-915b-dc1cea2f09a9.caj
[2025-03-09 15:22:15] 已经被转换直接跳过: paper_cce40e1a-1cb5-4aef-b8ea-9685a3dae824.caj
[2025-03-09 15:22:15] 已经被转换直接跳过: paper_d6798b2c-069e-46db-b321-95b66cb4076b.caj
[2025-03-09 15:22:15] 已经被转换直接跳过: paper_e14b9725-a18a-4022-acec-43afe4f09516.caj
[2025-03-09 15:22:15] 已经被转换直接跳过: paper_f1d9673c-dce6-499d-9140-90dd6d263d5a.caj
[2025-03-09 15:22:15] 已经被转换直接跳过: paper_f671a0b2-e1ad-4b42-acac-a67933281099.caj
